<?xml version="1.0" encoding="UTF-8"?>
<!-- Generated by org.testng.reporters.JUnitReportReporter -->
<<<<<<< HEAD
<<<<<<< HEAD
<testsuite hostname="soc-5CG21221ZG" failures="0" tests="5" name="TestRunner.TestRunnerMultipleTime$CucumberTest" time="985.245" errors="0" timestamp="2024-10-10T11:43:38 IST" skipped="0">
  <testcase classname="TestRunner.TestRunnerMultipleTime$CucumberTest" name="runScenario" time="166.531"/>
  <testcase classname="TestRunner.TestRunnerMultipleTime$CucumberTest" name="runScenario" time="209.411"/>
  <testcase classname="TestRunner.TestRunnerMultipleTime$CucumberTest" name="runScenario" time="206.943"/>
  <testcase classname="TestRunner.TestRunnerMultipleTime$CucumberTest" name="runScenario" time="199.778"/>
  <testcase classname="TestRunner.TestRunnerMultipleTime$CucumberTest" name="runScenario" time="202.582"/>
=======
<testsuite hostname="soc-5CG21221ZG" failures="0" tests="2" name="TestRunner.TestRunnerMultipleTime$CucumberTest" time="230.244" errors="0" timestamp="2024-10-08T15:06:39 IST" skipped="0">
  <testcase classname="TestRunner.TestRunnerMultipleTime$CucumberTest" name="runScenario" time="116.701"/>
  <testcase classname="TestRunner.TestRunnerMultipleTime$CucumberTest" name="runScenario" time="113.543"/>
>>>>>>> acb8ea77c883fa0805c227ae14fa4b673373a82e
=======
<testsuite hostname="soc-5CG21221ZG" failures="0" tests="2" name="TestRunner.TestRunnerMultipleTime$CucumberTest" time="230.244" errors="0" timestamp="2024-10-08T15:06:39 IST" skipped="0">
  <testcase classname="TestRunner.TestRunnerMultipleTime$CucumberTest" name="runScenario" time="116.701"/>
  <testcase classname="TestRunner.TestRunnerMultipleTime$CucumberTest" name="runScenario" time="113.543"/>
>>>>>>> acb8ea77c883fa0805c227ae14fa4b673373a82e
</testsuite> <!-- TestRunner.TestRunnerMultipleTime$CucumberTest -->
